{"C:\\Users\\jagadeesh\\Desktop\\Namaste-React\\Namaste-React\\src\\components\\Body.js": {"path":"C:\\Users\\jagadeesh\\Desktop\\Namaste-React\\Namaste-React\\src\\components\\Body.js","statementMap":{"0":{"start":{"line":10,"column":13},"end":{"line":114,"column":1}},"1":{"start":{"line":14,"column":50},"end":{"line":14,"column":62}},"2":{"start":{"line":15,"column":60},"end":{"line":15,"column":72}},"3":{"start":{"line":16,"column":38},"end":{"line":16,"column":50}},"4":{"start":{"line":17,"column":28},"end":{"line":17,"column":50}},"5":{"start":{"line":18,"column":35},"end":{"line":18,"column":56}},"6":{"start":{"line":23,"column":2},"end":{"line":25,"column":9}},"7":{"start":{"line":24,"column":4},"end":{"line":24,"column":16}},"8":{"start":{"line":27,"column":20},"end":{"line":37,"column":3}},"9":{"start":{"line":28,"column":17},"end":{"line":30,"column":5}},"10":{"start":{"line":31,"column":17},"end":{"line":31,"column":34}},"11":{"start":{"line":32,"column":4},"end":{"line":32,"column":22}},"12":{"start":{"line":35,"column":4},"end":{"line":35,"column":65}},"13":{"start":{"line":36,"column":4},"end":{"line":36,"column":70}},"14":{"start":{"line":44,"column":19},"end":{"line":44,"column":30}},"15":{"start":{"line":46,"column":2},"end":{"line":48,"column":3}},"16":{"start":{"line":47,"column":4},"end":{"line":47,"column":56}},"17":{"start":{"line":50,"column":2},"end":{"line":113,"column":4}},"18":{"start":{"line":61,"column":29},"end":{"line":61,"column":58}},"19":{"start":{"line":66,"column":41},"end":{"line":69,"column":15}},"20":{"start":{"line":70,"column":14},"end":{"line":70,"column":59}},"21":{"start":{"line":78,"column":14},"end":{"line":81,"column":17}},"22":{"start":{"line":87,"column":14},"end":{"line":89,"column":17}},"23":{"start":{"line":96,"column":33},"end":{"line":98,"column":13}},"24":{"start":{"line":97,"column":23},"end":{"line":97,"column":46}},"25":{"start":{"line":99,"column":12},"end":{"line":99,"column":46}},"26":{"start":{"line":107,"column":10},"end":{"line":109,"column":17}}},"fnMap":{"0":{"name":"(anonymous_0)","decl":{"start":{"line":10,"column":13},"end":{"line":10,"column":14}},"loc":{"start":{"line":10,"column":19},"end":{"line":114,"column":1}},"line":10},"1":{"name":"(anonymous_1)","decl":{"start":{"line":23,"column":12},"end":{"line":23,"column":13}},"loc":{"start":{"line":23,"column":18},"end":{"line":25,"column":3}},"line":23},"2":{"name":"(anonymous_2)","decl":{"start":{"line":27,"column":20},"end":{"line":27,"column":21}},"loc":{"start":{"line":27,"column":32},"end":{"line":37,"column":3}},"line":27},"3":{"name":"(anonymous_3)","decl":{"start":{"line":61,"column":22},"end":{"line":61,"column":23}},"loc":{"start":{"line":61,"column":29},"end":{"line":61,"column":58}},"line":61},"4":{"name":"(anonymous_4)","decl":{"start":{"line":65,"column":21},"end":{"line":65,"column":22}},"loc":{"start":{"line":65,"column":27},"end":{"line":71,"column":13}},"line":65},"5":{"name":"(anonymous_5)","decl":{"start":{"line":77,"column":22},"end":{"line":77,"column":23}},"loc":{"start":{"line":77,"column":29},"end":{"line":82,"column":13}},"line":77},"6":{"name":"(anonymous_6)","decl":{"start":{"line":86,"column":22},"end":{"line":86,"column":23}},"loc":{"start":{"line":86,"column":29},"end":{"line":90,"column":13}},"line":86},"7":{"name":"(anonymous_7)","decl":{"start":{"line":95,"column":19},"end":{"line":95,"column":20}},"loc":{"start":{"line":95,"column":25},"end":{"line":100,"column":11}},"line":95},"8":{"name":"(anonymous_8)","decl":{"start":{"line":97,"column":14},"end":{"line":97,"column":15}},"loc":{"start":{"line":97,"column":23},"end":{"line":97,"column":46}},"line":97},"9":{"name":"(anonymous_9)","decl":{"start":{"line":106,"column":36},"end":{"line":106,"column":37}},"loc":{"start":{"line":107,"column":10},"end":{"line":109,"column":17}},"line":107}},"branchMap":{"0":{"loc":{"start":{"line":46,"column":2},"end":{"line":48,"column":3}},"type":"if","locations":[{"start":{"line":46,"column":2},"end":{"line":48,"column":3}},{"start":{},"end":{}}],"line":46},"1":{"loc":{"start":{"line":50,"column":9},"end":{"line":113,"column":3}},"type":"cond-expr","locations":[{"start":{"line":51,"column":4},"end":{"line":51,"column":15}},{"start":{"line":53,"column":4},"end":{"line":112,"column":10}}],"line":50}},"s":{"0":1,"1":8,"2":7,"3":7,"4":7,"5":7,"6":7,"7":3,"8":7,"9":3,"10":3,"11":3,"12":3,"13":3,"14":7,"15":7,"16":0,"17":7,"18":1,"19":1,"20":1,"21":0,"22":0,"23":0,"24":0,"25":0,"26":47},"f":{"0":8,"1":3,"2":3,"3":1,"4":1,"5":0,"6":0,"7":0,"8":0,"9":47},"b":{"0":[0,7],"1":[3,4]},"_coverageSchema":"1a1c01bbd47fc00a2c39e90264f33305004495a9","hash":"d4ef52b155da6dd9a311ec7dd6c9b22b70faf415"}
,"C:\\Users\\jagadeesh\\Desktop\\Namaste-React\\Namaste-React\\src\\components\\Header.js": {"path":"C:\\Users\\jagadeesh\\Desktop\\Namaste-React\\Namaste-React\\src\\components\\Header.js","statementMap":{"0":{"start":{"line":9,"column":15},"end":{"line":56,"column":1}},"1":{"start":{"line":10,"column":19},"end":{"line":10,"column":41}},"2":{"start":{"line":11,"column":42},"end":{"line":11,"column":59}},"3":{"start":{"line":12,"column":20},"end":{"line":12,"column":60}},"4":{"start":{"line":12,"column":43},"end":{"line":12,"column":59}},"5":{"start":{"line":13,"column":19},"end":{"line":13,"column":30}},"6":{"start":{"line":15,"column":2},"end":{"line":55,"column":4}},"7":{"start":{"line":45,"column":14},"end":{"line":47,"column":43}}},"fnMap":{"0":{"name":"(anonymous_0)","decl":{"start":{"line":9,"column":15},"end":{"line":9,"column":16}},"loc":{"start":{"line":9,"column":21},"end":{"line":56,"column":1}},"line":9},"1":{"name":"(anonymous_1)","decl":{"start":{"line":12,"column":32},"end":{"line":12,"column":33}},"loc":{"start":{"line":12,"column":43},"end":{"line":12,"column":59}},"line":12},"2":{"name":"(anonymous_2)","decl":{"start":{"line":44,"column":21},"end":{"line":44,"column":22}},"loc":{"start":{"line":44,"column":27},"end":{"line":48,"column":13}},"line":44}},"branchMap":{"0":{"loc":{"start":{"line":41,"column":36},"end":{"line":41,"column":56}},"type":"cond-expr","locations":[{"start":{"line":41,"column":47},"end":{"line":41,"column":50}},{"start":{"line":41,"column":53},"end":{"line":41,"column":56}}],"line":41},"1":{"loc":{"start":{"line":45,"column":14},"end":{"line":47,"column":42}},"type":"cond-expr","locations":[{"start":{"line":46,"column":18},"end":{"line":46,"column":43}},{"start":{"line":47,"column":18},"end":{"line":47,"column":42}}],"line":45}},"s":{"0":2,"1":6,"2":6,"3":6,"4":12,"5":6,"6":6,"7":0},"f":{"0":6,"1":12,"2":0},"b":{"0":[6,0],"1":[0,0]},"_coverageSchema":"1a1c01bbd47fc00a2c39e90264f33305004495a9","hash":"ea4d64c29811cd0eda81ac9289e30239628e58c7"}
,"C:\\Users\\jagadeesh\\Desktop\\Namaste-React\\Namaste-React\\src\\components\\RestaurentMenu.js": {"path":"C:\\Users\\jagadeesh\\Desktop\\Namaste-React\\Namaste-React\\src\\components\\RestaurentMenu.js","statementMap":{"0":{"start":{"line":9,"column":23},"end":{"line":54,"column":1}},"1":{"start":{"line":10,"column":20},"end":{"line":10,"column":31}},"2":{"start":{"line":12,"column":18},"end":{"line":12,"column":38}},"3":{"start":{"line":14,"column":19},"end":{"line":14,"column":32}},"4":{"start":{"line":16,"column":22},"end":{"line":18,"column":3}},"5":{"start":{"line":17,"column":4},"end":{"line":17,"column":32}},"6":{"start":{"line":20,"column":25},"end":{"line":22,"column":3}},"7":{"start":{"line":21,"column":4},"end":{"line":21,"column":28}},"8":{"start":{"line":24,"column":2},"end":{"line":24,"column":43}},"9":{"start":{"line":24,"column":24},"end":{"line":24,"column":43}},"10":{"start":{"line":26,"column":29},"end":{"line":26,"column":64}},"11":{"start":{"line":28,"column":4},"end":{"line":28,"column":78}},"12":{"start":{"line":30,"column":2},"end":{"line":53,"column":4}},"13":{"start":{"line":34,"column":62},"end":{"line":34,"column":75}},"14":{"start":{"line":39,"column":10},"end":{"line":49,"column":15}},"15":{"start":{"line":45,"column":29},"end":{"line":45,"column":59}}},"fnMap":{"0":{"name":"(anonymous_0)","decl":{"start":{"line":9,"column":23},"end":{"line":9,"column":24}},"loc":{"start":{"line":9,"column":29},"end":{"line":54,"column":1}},"line":9},"1":{"name":"(anonymous_1)","decl":{"start":{"line":16,"column":22},"end":{"line":16,"column":23}},"loc":{"start":{"line":16,"column":28},"end":{"line":18,"column":3}},"line":16},"2":{"name":"(anonymous_2)","decl":{"start":{"line":20,"column":25},"end":{"line":20,"column":26}},"loc":{"start":{"line":20,"column":35},"end":{"line":22,"column":3}},"line":20},"3":{"name":"(anonymous_3)","decl":{"start":{"line":34,"column":56},"end":{"line":34,"column":57}},"loc":{"start":{"line":34,"column":62},"end":{"line":34,"column":75}},"line":34},"4":{"name":"(anonymous_4)","decl":{"start":{"line":38,"column":23},"end":{"line":38,"column":24}},"loc":{"start":{"line":39,"column":10},"end":{"line":49,"column":15}},"line":39},"5":{"name":"(anonymous_5)","decl":{"start":{"line":45,"column":23},"end":{"line":45,"column":24}},"loc":{"start":{"line":45,"column":29},"end":{"line":45,"column":59}},"line":45}},"branchMap":{"0":{"loc":{"start":{"line":24,"column":2},"end":{"line":24,"column":43}},"type":"if","locations":[{"start":{"line":24,"column":2},"end":{"line":24,"column":43}},{"start":{},"end":{}}],"line":24},"1":{"loc":{"start":{"line":41,"column":13},"end":{"line":41,"column":76}},"type":"binary-expr","locations":[{"start":{"line":41,"column":13},"end":{"line":41,"column":39}},{"start":{"line":41,"column":43},"end":{"line":41,"column":76}}],"line":41}},"s":{"0":1,"1":2,"2":2,"3":2,"4":2,"5":0,"6":2,"7":2,"8":2,"9":1,"10":1,"11":1,"12":1,"13":0,"14":45,"15":2},"f":{"0":2,"1":0,"2":2,"3":0,"4":45,"5":2},"b":{"0":[1,1],"1":[45,0]},"_coverageSchema":"1a1c01bbd47fc00a2c39e90264f33305004495a9","hash":"8aed1f7340f242db918cfb4bc6f90ffc76eb9678"}
,"C:\\Users\\jagadeesh\\Desktop\\Namaste-React\\Namaste-React\\src\\components\\Shimmer.js": {"path":"C:\\Users\\jagadeesh\\Desktop\\Namaste-React\\Namaste-React\\src\\components\\Shimmer.js","statementMap":{"0":{"start":{"line":1,"column":16},"end":{"line":11,"column":1}},"1":{"start":{"line":2,"column":2},"end":{"line":10,"column":4}}},"fnMap":{"0":{"name":"(anonymous_0)","decl":{"start":{"line":1,"column":16},"end":{"line":1,"column":17}},"loc":{"start":{"line":1,"column":22},"end":{"line":11,"column":1}},"line":1}},"branchMap":{},"s":{"0":2,"1":4},"f":{"0":4},"b":{},"_coverageSchema":"1a1c01bbd47fc00a2c39e90264f33305004495a9","hash":"6466f5ac254879ea2a1503771ec7c3656e89faf8"}
,"C:\\Users\\jagadeesh\\Desktop\\Namaste-React\\Namaste-React\\src\\components\\sum.js": {"path":"C:\\Users\\jagadeesh\\Desktop\\Namaste-React\\Namaste-React\\src\\components\\sum.js","statementMap":{"0":{"start":{"line":1,"column":19},"end":{"line":1,"column":34}},"1":{"start":{"line":1,"column":29},"end":{"line":1,"column":34}}},"fnMap":{"0":{"name":"(anonymous_0)","decl":{"start":{"line":1,"column":19},"end":{"line":1,"column":20}},"loc":{"start":{"line":1,"column":29},"end":{"line":1,"column":34}},"line":1}},"branchMap":{},"s":{"0":1,"1":1},"f":{"0":1},"b":{},"_coverageSchema":"1a1c01bbd47fc00a2c39e90264f33305004495a9","hash":"75f2afc905335eea89288213d665d66c70d15d0e"}
,"C:\\Users\\jagadeesh\\Desktop\\Namaste-React\\Namaste-React\\src\\mock\\dummyLogo.js": {"path":"C:\\Users\\jagadeesh\\Desktop\\Namaste-React\\Namaste-React\\src\\mock\\dummyLogo.js","statementMap":{},"fnMap":{},"branchMap":{},"s":{},"f":{},"b":{},"_coverageSchema":"1a1c01bbd47fc00a2c39e90264f33305004495a9","hash":"68470c00a4830a27e6c89ac8cd7cdad5b6d47961"}
,"C:\\Users\\jagadeesh\\Desktop\\Namaste-React\\Namaste-React\\src\\mock\\menu.js": {"path":"C:\\Users\\jagadeesh\\Desktop\\Namaste-React\\Namaste-React\\src\\mock\\menu.js","statementMap":{"0":{"start":{"line":1,"column":25},"end":{"line":12189,"column":1}}},"fnMap":{},"branchMap":{},"s":{"0":1},"f":{},"b":{},"_coverageSchema":"1a1c01bbd47fc00a2c39e90264f33305004495a9","hash":"fcbc70f938568e04eabcedf9bf7b9c2630fc66ca"}
,"C:\\Users\\jagadeesh\\Desktop\\Namaste-React\\Namaste-React\\src\\mock\\restarent.js": {"path":"C:\\Users\\jagadeesh\\Desktop\\Namaste-React\\Namaste-React\\src\\mock\\restarent.js","statementMap":{"0":{"start":{"line":1,"column":30},"end":{"line":2472,"column":1}}},"fnMap":{},"branchMap":{},"s":{"0":1},"f":{},"b":{},"_coverageSchema":"1a1c01bbd47fc00a2c39e90264f33305004495a9","hash":"ce2c928a7c15139d600ae40c59d65c51cc3eeafb"}
,"C:\\Users\\jagadeesh\\Desktop\\Namaste-React\\Namaste-React\\src\\utils\\MyContext.js": {"path":"C:\\Users\\jagadeesh\\Desktop\\Namaste-React\\Namaste-React\\src\\utils\\MyContext.js","statementMap":{"0":{"start":{"line":3,"column":18},"end":{"line":8,"column":2}}},"fnMap":{"0":{"name":"(anonymous_0)","decl":{"start":{"line":7,"column":13},"end":{"line":7,"column":14}},"loc":{"start":{"line":7,"column":19},"end":{"line":7,"column":21}},"line":7}},"branchMap":{},"s":{"0":1},"f":{"0":0},"b":{},"_coverageSchema":"1a1c01bbd47fc00a2c39e90264f33305004495a9","hash":"d8cdc124b0c66f298247f9d52265d99c6ae99e76"}
,"C:\\Users\\jagadeesh\\Desktop\\Namaste-React\\Namaste-React\\src\\utils\\store.js": {"path":"C:\\Users\\jagadeesh\\Desktop\\Namaste-React\\Namaste-React\\src\\utils\\store.js","statementMap":{"0":{"start":{"line":4,"column":14},"end":{"line":8,"column":2}}},"fnMap":{},"branchMap":{},"s":{"0":3},"f":{},"b":{},"_coverageSchema":"1a1c01bbd47fc00a2c39e90264f33305004495a9","hash":"5bd442b13a796a73c61cdc012ff773654a2b0582"}
}
