TN:
SF:src\components\Body.js
FN:10,(anonymous_0)
FN:23,(anonymous_1)
FN:27,(anonymous_2)
FN:61,(anonymous_3)
FN:65,(anonymous_4)
FN:77,(anonymous_5)
FN:86,(anonymous_6)
FN:95,(anonymous_7)
FN:97,(anonymous_8)
FN:106,(anonymous_9)
FNF:10
FNH:6
FNDA:8,(anonymous_0)
FNDA:3,(anonymous_1)
FNDA:3,(anonymous_2)
FNDA:1,(anonymous_3)
FNDA:1,(anonymous_4)
FNDA:0,(anonymous_5)
FNDA:0,(anonymous_6)
FNDA:0,(anonymous_7)
FNDA:0,(anonymous_8)
FNDA:47,(anonymous_9)
DA:10,1
DA:14,8
DA:15,7
DA:16,7
DA:17,7
DA:18,7
DA:23,7
DA:24,3
DA:27,7
DA:28,3
DA:31,3
DA:32,3
DA:35,3
DA:36,3
DA:44,7
DA:46,7
DA:47,0
DA:50,7
DA:61,1
DA:66,1
DA:70,1
DA:78,0
DA:87,0
DA:96,0
DA:97,0
DA:99,0
DA:107,47
LF:27
LH:21
BRDA:46,0,0,0
BRDA:46,0,1,7
BRDA:50,1,0,3
BRDA:50,1,1,4
BRF:4
BRH:3
end_of_record
TN:
SF:src\components\Header.js
FN:9,(anonymous_0)
FN:12,(anonymous_1)
FN:44,(anonymous_2)
FNF:3
FNH:2
FNDA:6,(anonymous_0)
FNDA:12,(anonymous_1)
FNDA:0,(anonymous_2)
DA:9,2
DA:10,6
DA:11,6
DA:12,12
DA:13,6
DA:15,6
DA:45,0
LF:7
LH:6
BRDA:41,0,0,6
BRDA:41,0,1,0
BRDA:45,1,0,0
BRDA:45,1,1,0
BRF:4
BRH:1
end_of_record
TN:
SF:src\components\RestaurentMenu.js
FN:9,(anonymous_0)
FN:16,(anonymous_1)
FN:20,(anonymous_2)
FN:34,(anonymous_3)
FN:38,(anonymous_4)
FN:45,(anonymous_5)
FNF:6
FNH:4
FNDA:2,(anonymous_0)
FNDA:0,(anonymous_1)
FNDA:2,(anonymous_2)
FNDA:0,(anonymous_3)
FNDA:45,(anonymous_4)
FNDA:2,(anonymous_5)
DA:9,1
DA:10,2
DA:12,2
DA:14,2
DA:16,2
DA:17,0
DA:20,2
DA:21,2
DA:24,2
DA:26,1
DA:28,1
DA:30,1
DA:34,0
DA:39,45
DA:45,2
LF:15
LH:13
BRDA:24,0,0,1
BRDA:24,0,1,1
BRDA:41,1,0,45
BRDA:41,1,1,0
BRF:4
BRH:3
end_of_record
TN:
SF:src\components\Shimmer.js
FN:1,(anonymous_0)
FNF:1
FNH:1
FNDA:4,(anonymous_0)
DA:1,2
DA:2,4
LF:2
LH:2
BRF:0
BRH:0
end_of_record
TN:
SF:src\components\sum.js
FN:1,(anonymous_0)
FNF:1
FNH:1
FNDA:1,(anonymous_0)
DA:1,1
LF:1
LH:1
BRF:0
BRH:0
end_of_record
TN:
SF:src\mock\dummyLogo.js
FNF:0
FNH:0
LF:0
LH:0
BRF:0
BRH:0
end_of_record
TN:
SF:src\mock\menu.js
FNF:0
FNH:0
DA:1,1
LF:1
LH:1
BRF:0
BRH:0
end_of_record
TN:
SF:src\mock\restarent.js
FNF:0
FNH:0
DA:1,1
LF:1
LH:1
BRF:0
BRH:0
end_of_record
TN:
SF:src\utils\MyContext.js
FN:7,(anonymous_0)
FNF:1
FNH:0
FNDA:0,(anonymous_0)
DA:3,1
LF:1
LH:1
BRF:0
BRH:0
end_of_record
TN:
SF:src\utils\store.js
FNF:0
FNH:0
DA:4,3
LF:1
LH:1
BRF:0
BRH:0
end_of_record
